<?xml version="1.0" encoding="UTF-8"?>
<!-- Generated by org.testng.reporters.JUnitReportReporter -->
<testsuite hostname="LAPTOP-RTJ3JPGR" failures="0" tests="1" name="test.Login" time="6.820" errors="0" timestamp="2024-09-14T22:31:35 IST" skipped="0">
  <testcase classname="test.Login" name="loginPage" time="6.820"/>
  <system-out/>
</testsuite> <!-- test.Login -->
